\# Program start time UTC 2022.06.01 15:27:46.446
\# Local time Wednesday 1 June 2022, 11:27 am
\o Program:		@(#)$CDS: virtuoso version 6.1.6-64b 09/01/2015 22:56 (sjfnl132) $
\o Hierarchy:		/opt/cadence/IC616/tools.lnx86/dfII/
\o Sub version:		sub-version  IC6.1.6-64b.500.13.2  (64-bit addresses)
\# Command line:	/opt/cadence/IC616/tools.lnx86/dfII/bin/64bit/virtuoso -noautostart -mpssession virtuoso27209 -mpshost xunil-03.coe.drexel.edu -davinciService DaVinciService_27209_1654097260 -log /home/njs82@drexel.edu/ECEC573/NCSU_FreePDK45/logs_njs82/logs0/Job0.log -licenseLockFileName /home/njs82@drexel.edu/ECEC573/NCSU_FreePDK45/.tmp_njs82/.xunil-03.coe.drexel.edu_27209 -nograph -nostdin -axlChildIdFlag 0
\# Host name (type):	xunil-03.coe.drexel.edu (x86_64)
\# Operating system:	Linux 3.10.0-1160.59.1.el7.x86_64 #1 SMP Wed Feb 23 16:47:03 UTC 2022
\# Linux /etc/issue:	\S
\# Linux /etc/issue:	Kernel \r on an \m
\# X display name (WxH):	xunil-03.coe.drexel.edu:80 (1024x868)
\# Available geometry:			TL(0:0) BR(1023:867)
\# X server:			RealVNC Ltd (VNC nograph server, PID 31886)
\# Depth of Visual (Root):	16 (16)
\# Number of Planes Used:	16
\# X version:		11.0 (vendor release 3370)
\# X resource pool:	base 0x800000, mask 0x3fffff (4194303), shift 0
\# 			current id 0x0, current max 0x3ffffa (4194298)
\# Max data seg size:	     unlimited
\# Max process size:	     unlimited
\# Initial sbrk value:	        345 MB
\# Available memory:	    120,612 MB
\# System memory:	    144,753 MB
\# Maximum memory size:	    144,478 MB
\# Max mem available:	    120,682 MB
\# Initial memory used:	         70 MB
\#        process size:	        764 MB
\# Qt version:		4.7.2
\# Window Manager:	other
\# User Name:		njs82
\o Working Directory:	xunil-03.coe.drexel.edu:/home/njs82@drexel.edu/ECEC573/NCSU_FreePDK45
\# Process Id:		31897
\o 
\o COPYRIGHT © 1992-2015  CADENCE DESIGN SYSTEMS INC.  ALL RIGHTS RESERVED.
\o           © 1992-2015  UNIX SYSTEMS Laboratories INC.,
\o                          Reproduced with permission.
\o 
\o This Cadence Design Systems program and online documentation are
\o proprietary/confidential information and may be disclosed/used only
\o as authorized in a license agreement controlling such use and disclosure.
\o 
\o           RESTRICTED RIGHTS NOTICE (SHORT FORM)
\o Use/reproduction/disclosure is subject to restriction
\o set forth at FAR 1252.227-19 or its equivalent.
\o Loading geView.cxt 
\o Loading menuBuilder.cxt 
\o Loading schView.cxt 
\o Loading selectSv.cxt 
\o Loading pvsui.cxt.
\o PVS: IPVS cannot be started in nographic mode
\o Loading LVS.cxt 
\o Loading layerProc.cxt 
\o Loading pte2.cxt 
\o Loading xlUI.cxt 
\o Loading auCore.cxt 
\o Loading vhdl.cxt 
\o Loading seismic.cxt 
\o Loading oasis.cxt 
\o Loading analog.cxt 
\o Loading asimenv.cxt 
\o Loading hspiceD.cxt 
\o Loading spectrei.cxt 
\o Loading spectreinl.cxt 
\o Loading UltraSim.cxt 
\o Loading AMSOSS.cxt 
\o Loading AMS.cxt 
\o Loading ci.cxt 
\o Loading ams.cxt 
\o Loading socket.cxt 
\o Loading dal.cxt 
\o Loading awv.cxt 
\o Loading par.cxt 
\o Loading alvs.cxt 
\o Loading caa.cxt 
\o Loading adexl.cxt 
\# Memory report: using         177 MB, process size 998 MB at UTC 2022.06.01 15:27:50.048
\o *Info*    Exporting services from client ... 
\o 
\o //
\o //  Calibre Skill Interface * (v2015.3_25.16) *
\o //
\o //                 Copyright Mentor Graphics Corporation 2005
\o //                             All Rights Reserved.
\o //         THIS WORK CONTAINS TRADE SECRET AND PROPRIETARY INFORMATION
\o //            WHICH IS THE PROPERTY OF MENTOR GRAPHICS CORPORATION
\o //              OR ITS LICENSORS AND IS SUBJECT TO LICENSE TERMS.
\o //
\o //
\o loading vars from /mnt/class_data/ecec571-f2015/PDKs/NCSU_FreePDK45/ncsu_basekit/cdssetup/cdsenv for tool layout
\o ---------------------------------------------------------------------------
\o Welcome to the FreePDK 45nm Free, Open-Source Process Design Kit
\o 
\o This initiative is brought to you by the Semiconductor Research
\o Corporation (SRC), the National Science Foundation (NSF), Silicon
\o Integration Initiative (Si2), Mentor Graphics, and Synopsys.
\o 
\o This version of the kit was created by Rhett Davis, Paul Franzon,
\o Michael Bucher, Sunil Basavarajaiah, and Harun Demircioglu
\o of North Carolina State University, and James Stine and Ivan Castellanos
\o of Oklahoma State University.
\o 
\o Contributions and modifications to this kit are welcomed and encouraged.
\o 
\o Copyright 2007 - W. Rhett Davis, Paul Franzon, Michael Bucher,
\o                  and Sunil Basavarajaiah, North Carolina State University
\o Copyright 2008 - W. Rhett Davis, Michael Bucher, and Sunil Basavarajaiah,
\o                  North Carolina State University (ncsu_basekit subtree)
\o                  James Stine, and Ivan Castellanos,
\o                  and Oklahoma State University (osu_soc subtree)
\o Copyright 2011 - W. Rhett Davis, and Harun Demircioglu,
\o                  North Carolina State University
\o 
\o Licensed under the Apache License, Version 2.0 (the "License");
\o you may not use this file except in compliance with the License.
\o You may obtain a copy of the License at
\o 
\o     http://www.apache.org/licenses/LICENSE-2.0
\o 
\o Unless required by applicable law or agreed to in writing, software
\o distributed under the License is distributed on an "AS IS" BASIS,
\o WITHOUT WARRANTIES OR CONDITIONS OF ANY KIND, either express or implied.
\o See the License for the specific language governing permissions and
\o limitations under the License.
\o ---------------------------------------------------------------------------
\o 
\o Done loading FreePDK customizations.
\e *Error* lineread/read: syntax error encountered in input at line 67 column 19 in file .cdsinit
\e 
\e asimenv" "saveDir" 'string "./.artist_states")
\e          ^
\e SYNTAX ERROR found at line 68 column 10 of file .cdsinit
\e *Error* lineread/read: syntax error encountered in input
\o *Info*    Client has finished starting ... 
\o 
\p > 
\# Available memory:        120,322 MB at UTC 2022.06.01 15:27:58.208
\# Memory report: Maximum memory size now 120,522 MB at UTC 2022.06.01 15:27:58.208
\# Memory report: Maximum memory size now 123,144 MB at UTC 2022.06.01 15:28:18.209
\o Job 0 timed out after no activity in 300 seconds.
\o Loading viva.cxt 
\o Loading lce.cxt 
\o 
\o *Info*    Received signal SIGTERM.
\o 
\o 
\o Loading simui.cxt 
