*Info*    Exporting services from client ... 

*Info*    Client has finished starting ... 



*Info*    Configuring the session ...

	Library      = ECEC573_Lib
	Cell         = power_delivery_network
	View         = schematic
	Simulator    = spectre
	State Path   = $AXL_SETUPDB_DIR/test_states
	State Name   = ECEC573_Lib:power_delivery_network:1_state1_Interactive.3
	Results DB   = /home/njs82/ECEC573/NCSU_FreePDK45/ECEC573_Lib/power_delivery_network/adexl/results/data/Interactive.3.rdb
	Results Dir  = /home/njs82/simulation/ECEC573_Lib/power_delivery_network/adexl/results/data/Interactive.3/1/ECEC573_Lib:power_delivery_network:1
	Results Loc  = /home/njs82/simulation/ECEC573_Lib/power_delivery_network/adexl/results/data
	Project Dir  = /home/njs82/simulation
	Setup DB loc = /home/njs82/ECEC573/NCSU_FreePDK45/ECEC573_Lib/power_delivery_network/adexl
	File Encoding = 0



*Info*    The auto suspension is disabled.






*Info*    Run start for Point ID (4 1) on testbench [
          ECEC573_Lib:power_delivery_network:1 ].

Resetting statistical vars

*Info*    Setting parameter values ...

Setting var decap = "1a"
Setting var decap15 = "1a"
Setting var decap30 = "1a"
Setting var decap5 = "1a"
Setting temp(T) = 27

*Info*    Netlist Directory =
          /home/njs82/simulation/ECEC573_Lib/power_delivery_network/adexl/results/data/Interactive.3/1/ECEC573_Lib:power_delivery_network:1/netlist


*Info*    Data Directory    =
          /home/njs82/simulation/ECEC573_Lib/power_delivery_network/adexl/results/data/Interactive.3/1/ECEC573_Lib:power_delivery_network:1


*Info*    Creating Netlist for Point ID (4 1)

generate netlist...
Begin Incremental Netlisting Jun  1 16:43:40 2022
End netlisting Jun  1 16:43:41 2022

Netlisting Statistics:
	Number of components:    9

	Elapsed time:          1.0s (9.00/s)
Errors: 0	Warnings: 0
      ...successful.
compose simulator input file...
      ...successful.

*Info*    Running simulation on testbench [
          ECEC573_Lib:power_delivery_network:1 ] for Point ID (4 1).

Delete psf data in /home/njs82/simulation/ECEC573_Lib/power_delivery_network/adexl/results/data/Interactive.3/1/ECEC573_Lib:power_delivery_network:1/psf.
compose simulator input file...
      ...successful.
start simulator if needed...
      ...successful.
simulate...
To view the simulator output, right-click on the test name, result 
name, or any value in the "Results" tab of the Outputs section and 
choose "Output Log" menu option.
INFO (ADE-3071): Simulation completed successfully.
reading simulation data...
      ...successful.
*Info*    Client has finished evaluating ... 


*Info*    Run complete for Point ID (4 1) on testbench [
          ECEC573_Lib:power_delivery_network:1 ].





Simulation design variables differ from those on the cellView,
they have been saved in the file "/tmp/saved-design-variables".
To save future changes, copy variables to cellView before exiting.
